Starting server with Config HP="127.0.0.1:63082"|T="28800000"|R="false"|L="info"
time="2026-03-16T14:54:14-05:00" level=info msg="Creating root@localhost superuser"
time="2026-03-16T14:54:14-05:00" level=info msg="Server ready. Accepting connections."
time="2026-03-16T14:54:14-05:00" level=warning msg="secure_file_priv is set to \"\", which is insecure."
time="2026-03-16T14:54:14-05:00" level=warning msg="Any user with GRANT FILE privileges will be able to read any file which the sql-server process can read."
time="2026-03-16T14:54:14-05:00" level=warning msg="Please consider restarting the server with secure_file_priv set to a safe (or non-existent) directory."
time="2026-03-16T14:54:14-05:00" level=info msg=NewConnection DisableClientMultiStatements=false connectionID=1
time="2026-03-16T14:54:14-05:00" level=info msg=ConnectionClosed connectionID=1
time="2026-03-16T14:54:14-05:00" level=info msg=NewConnection DisableClientMultiStatements=false connectionID=2
time="2026-03-16T14:54:14-05:00" level=info msg=ConnectionClosed connectionID=2
time="2026-03-16T14:54:14-05:00" level=info msg=NewConnection DisableClientMultiStatements=false connectionID=3
time="2026-03-16T14:54:14-05:00" level=info msg=ConnectionClosed connectionID=3
Starting server with Config HP="127.0.0.1:59808"|T="28800000"|R="false"|L="info"
time="2026-03-17T08:47:45-05:00" level=info msg="Server ready. Accepting connections."
time="2026-03-17T08:47:45-05:00" level=warning msg="secure_file_priv is set to \"\", which is insecure."
time="2026-03-17T08:47:45-05:00" level=warning msg="Any user with GRANT FILE privileges will be able to read any file which the sql-server process can read."
time="2026-03-17T08:47:45-05:00" level=warning msg="Please consider restarting the server with secure_file_priv set to a safe (or non-existent) directory."
time="2026-03-17T08:47:45-05:00" level=info msg=NewConnection DisableClientMultiStatements=false connectionID=1
time="2026-03-17T08:47:45-05:00" level=info msg=ConnectionClosed connectionID=1
time="2026-03-17T08:47:45-05:00" level=info msg=NewConnection DisableClientMultiStatements=false connectionID=2
time="2026-03-17T08:47:45-05:00" level=info msg=ConnectionClosed connectionID=2
time="2026-03-17T08:47:45-05:00" level=info msg=NewConnection DisableClientMultiStatements=false connectionID=3
time="2026-03-17T08:47:45-05:00" level=info msg=ConnectionClosed connectionID=3
time="2026-03-22T01:06:13-05:00" level=info msg="Server closing listener. No longer accepting connections."
time="2026-03-22T01:06:13-05:00" level=info msg="stats stopped: context canceled"
Starting server with Config HP="127.0.0.1:49790"|T="28800000"|R="false"|L="info"
time="2026-03-22T09:24:58-05:00" level=info msg="Server ready. Accepting connections."
time="2026-03-22T09:24:58-05:00" level=warning msg="secure_file_priv is set to \"\", which is insecure."
time="2026-03-22T09:24:58-05:00" level=warning msg="Any user with GRANT FILE privileges will be able to read any file which the sql-server process can read."
time="2026-03-22T09:24:58-05:00" level=warning msg="Please consider restarting the server with secure_file_priv set to a safe (or non-existent) directory."
time="2026-03-22T09:24:58-05:00" level=info msg=NewConnection DisableClientMultiStatements=false connectionID=1
time="2026-03-22T09:24:58-05:00" level=info msg=ConnectionClosed connectionID=1
time="2026-03-22T09:24:58-05:00" level=info msg=NewConnection DisableClientMultiStatements=false connectionID=2
time="2026-03-22T09:24:58-05:00" level=info msg=ConnectionClosed connectionID=2
time="2026-03-22T09:24:58-05:00" level=info msg=NewConnection DisableClientMultiStatements=false connectionID=3
time="2026-03-22T09:24:58-05:00" level=info msg=ConnectionClosed connectionID=3
time="2026-03-22T12:41:11-05:00" level=info msg=NewConnection DisableClientMultiStatements=false connectionID=4
time="2026-03-22T12:41:11-05:00" level=info msg=ConnectionClosed connectionID=4
time="2026-03-22T12:41:11-05:00" level=info msg=NewConnection DisableClientMultiStatements=false connectionID=5
time="2026-03-22T12:41:11-05:00" level=info msg=ConnectionClosed connectionID=5
time="2026-03-22T12:42:12-05:00" level=info msg=NewConnection DisableClientMultiStatements=false connectionID=6
time="2026-03-22T12:42:12-05:00" level=info msg=ConnectionClosed connectionID=6
time="2026-03-22T12:42:12-05:00" level=info msg=NewConnection DisableClientMultiStatements=false connectionID=7
time="2026-03-22T12:42:12-05:00" level=info msg=ConnectionClosed connectionID=7
